[09:15:50] [Datafixer Bootstrap/INFO]: 236 Datafixer optimizations took 536 milliseconds
[09:15:58] [Render thread/INFO]: Environment: Environment[sessionHost=https://sessionserver.mojang.com, servicesHost=https://api.minecraftservices.com, name=PROD]
[09:15:59] [Render thread/INFO]: Setting user: Swed
[09:15:59] [Render thread/INFO]: Backend library: LWJGL version 3.3.3+5
[09:16:02] [Render thread/INFO]: Reloading ResourceManager: vanilla
[09:16:04] [Worker-Main-3/INFO]: Found unifont_all_no_pua-15.1.05.hex, loading
[09:16:04] [Worker-Main-5/INFO]: Found unifont_jp_patch-15.1.05.hex, loading
[09:16:05] [Render thread/WARN]: Missing sound for event: minecraft:block.spawner.fall
[09:16:05] [Render thread/INFO]: OpenAL initialized on device OpenAL Soft on Speakers (Realtek(R) Audio)
[09:16:05] [Render thread/INFO]: Sound engine started
[09:16:05] [Render thread/INFO]: Created: 1024x512x4 minecraft:textures/atlas/blocks.png-atlas
[09:16:05] [Render thread/INFO]: Created: 256x256x4 minecraft:textures/atlas/signs.png-atlas
[09:16:05] [Render thread/INFO]: Created: 512x512x4 minecraft:textures/atlas/shield_patterns.png-atlas
[09:16:05] [Render thread/INFO]: Created: 512x512x4 minecraft:textures/atlas/banner_patterns.png-atlas
[09:16:05] [Render thread/INFO]: Created: 1024x1024x4 minecraft:textures/atlas/armor_trims.png-atlas
[09:16:05] [Render thread/INFO]: Created: 128x64x4 minecraft:textures/atlas/decorated_pot.png-atlas
[09:16:05] [Render thread/INFO]: Created: 256x256x4 minecraft:textures/atlas/chest.png-atlas
[09:16:05] [Render thread/INFO]: Created: 512x256x4 minecraft:textures/atlas/shulker_boxes.png-atlas
[09:16:05] [Render thread/INFO]: Created: 512x256x4 minecraft:textures/atlas/beds.png-atlas
[09:16:06] [Render thread/INFO]: Created: 64x64x0 minecraft:textures/atlas/map_decorations.png-atlas
[09:16:06] [Render thread/INFO]: Created: 512x256x0 minecraft:textures/atlas/particles.png-atlas
[09:16:06] [Render thread/INFO]: Created: 512x256x0 minecraft:textures/atlas/paintings.png-atlas
[09:16:06] [Render thread/INFO]: Created: 256x128x0 minecraft:textures/atlas/mob_effects.png-atlas
[09:16:06] [Render thread/INFO]: Created: 1024x512x0 minecraft:textures/atlas/gui.png-atlas
[09:17:45] [Render thread/INFO]: Loaded 1337 recipes
[09:17:45] [Render thread/INFO]: Loaded 1448 advancements
[09:17:45] [Render thread/INFO]: Stopping!
